<?xml version="1.0" encoding="UTF-8"?>
<!-- Generated by org.testng.reporters.JUnitXMLReporter -->
<testsuite ignored="0" hostname="DESKTOP-8G7EKM6" failures="0" tests="8" name="Test" time="112.596" errors="0" timestamp="2024-07-19T18:55:12 IST">
  <testcase classname="test.TC_001_SignUpTest" name="SignUpLinkClick" time="9.38"/>
  <testcase classname="test.TC_001_SignUpTest" name="SignUpLinkClick" time="9.355"/>
  <testcase classname="test.TC_001_SignUpTest" name="SignUpLinkClick" time="8.061"/>
  <testcase classname="test.TC_001_SignUpTest" name="SignUpLinkClick" time="7.989"/>
  <testcase classname="test.TC002_LoginTest" name="Login" time="6.076"/>
  <testcase classname="test.TC002_LoginTest" name="Login" time="8.087"/>
  <testcase classname="test.TC002_LoginTest" name="Login" time="7.983"/>
  <testcase classname="test.TC002_LoginTest" name="Login" time="8.015"/>
</testsuite> <!-- Test -->
