<?xml version="1.0" encoding="UTF-8"?>
<!-- Generated by org.testng.reporters.JUnitXMLReporter -->
<testsuite ignored="0" hostname="DESKTOP-8G7EKM6" failures="0" tests="8" name="Test" time="120.811" errors="0" timestamp="2024-07-22T13:22:13 IST">
  <testcase classname="test.TC_001_SignUpTest" name="SignUpLinkClick" time="9.147"/>
  <testcase classname="test.TC_001_SignUpTest" name="SignUpLinkClick" time="9.353"/>
  <testcase classname="test.TC_001_SignUpTest" name="SignUpLinkClick" time="8.832"/>
  <testcase classname="test.TC_001_SignUpTest" name="SignUpLinkClick" time="8.202"/>
  <testcase classname="test.TC002_LoginTest" name="Login" time="6.448"/>
  <testcase classname="test.TC002_LoginTest" name="Login" time="7.988"/>
  <testcase classname="test.TC002_LoginTest" name="Login" time="8.292"/>
  <testcase classname="test.TC002_LoginTest" name="Login" time="7.86"/>
</testsuite> <!-- Test -->
