<?xml version="1.0" encoding="UTF-8"?>
<testng-results ignored="0" total="8" passed="8" failed="0" skipped="0">
  <reporter-output>
  </reporter-output>
  <suite started-at="2024-07-19T18:53:18 IST" name="Suite" finished-at="2024-07-19T18:55:11 IST" duration-ms="112596">
    <groups>
    </groups>
    <test started-at="2024-07-19T18:53:18 IST" name="Test" finished-at="2024-07-19T18:55:11 IST" duration-ms="112596">
      <class name="test.TC002_LoginTest">
        <test-method is-config="true" signature="setUp()[pri:0, instance:test.TC002_LoginTest@51bd8b5c]" started-at="2024-07-19T18:53:19 IST" name="setUp" finished-at="2024-07-19T18:53:19 IST" duration-ms="18" status="PASS">
          <reporter-output>
          </reporter-output>
        </test-method> <!-- setUp -->
        <test-method is-config="true" signature="browserLaunch(java.lang.String,java.lang.String)[pri:0, instance:test.TC002_LoginTest@51bd8b5c]" started-at="2024-07-19T18:54:21 IST" name="browserLaunch" finished-at="2024-07-19T18:54:25 IST" duration-ms="4017" status="PASS">
          <params>
            <param index="0">
              <value>
                <![CDATA[chrome]]>
              </value>
            </param>
            <param index="1">
              <value>
                <![CDATA[https://www.demoblaze.com/]]>
              </value>
            </param>
          </params>
          <reporter-output>
          </reporter-output>
        </test-method> <!-- browserLaunch -->
        <test-method signature="Login(java.lang.String,java.lang.String,java.lang.String)[pri:0, instance:test.TC002_LoginTest@51bd8b5c]" started-at="2024-07-19T18:54:25 IST" name="Login" data-provider="Data" finished-at="2024-07-19T18:54:31 IST" duration-ms="6076" status="PASS">
          <params>
            <param index="0">
              <value>
                <![CDATA[Shiyam12@gmail.com]]>
              </value>
            </param>
            <param index="1">
              <value>
                <![CDATA[Shiyam@12]]>
              </value>
            </param>
            <param index="2">
              <value>
                <![CDATA[Valid]]>
              </value>
            </param>
          </params>
          <reporter-output>
          </reporter-output>
        </test-method> <!-- Login -->
        <test-method is-config="true" signature="closeBrowser()[pri:0, instance:test.TC002_LoginTest@51bd8b5c]" started-at="2024-07-19T18:54:31 IST" name="closeBrowser" finished-at="2024-07-19T18:54:32 IST" duration-ms="530" status="PASS">
          <reporter-output>
          </reporter-output>
        </test-method> <!-- closeBrowser -->
        <test-method is-config="true" signature="browserLaunch(java.lang.String,java.lang.String)[pri:0, instance:test.TC002_LoginTest@51bd8b5c]" started-at="2024-07-19T18:54:32 IST" name="browserLaunch" finished-at="2024-07-19T18:54:35 IST" duration-ms="3727" status="PASS">
          <params>
            <param index="0">
              <value>
                <![CDATA[chrome]]>
              </value>
            </param>
            <param index="1">
              <value>
                <![CDATA[https://www.demoblaze.com/]]>
              </value>
            </param>
          </params>
          <reporter-output>
          </reporter-output>
        </test-method> <!-- browserLaunch -->
        <test-method signature="Login(java.lang.String,java.lang.String,java.lang.String)[pri:0, instance:test.TC002_LoginTest@51bd8b5c]" started-at="2024-07-19T18:54:35 IST" name="Login" data-provider="Data" finished-at="2024-07-19T18:54:43 IST" duration-ms="8087" status="PASS">
          <params>
            <param index="0">
              <value>
                <![CDATA[Shiyam12@gmail.com]]>
              </value>
            </param>
            <param index="1">
              <value>
                <![CDATA[shy@12]]>
              </value>
            </param>
            <param index="2">
              <value>
                <![CDATA[InvalidPassword]]>
              </value>
            </param>
          </params>
          <reporter-output>
          </reporter-output>
        </test-method> <!-- Login -->
        <test-method is-config="true" signature="closeBrowser()[pri:0, instance:test.TC002_LoginTest@51bd8b5c]" started-at="2024-07-19T18:54:44 IST" name="closeBrowser" finished-at="2024-07-19T18:54:45 IST" duration-ms="628" status="PASS">
          <reporter-output>
          </reporter-output>
        </test-method> <!-- closeBrowser -->
        <test-method is-config="true" signature="browserLaunch(java.lang.String,java.lang.String)[pri:0, instance:test.TC002_LoginTest@51bd8b5c]" started-at="2024-07-19T18:54:45 IST" name="browserLaunch" finished-at="2024-07-19T18:54:48 IST" duration-ms="3713" status="PASS">
          <params>
            <param index="0">
              <value>
                <![CDATA[chrome]]>
              </value>
            </param>
            <param index="1">
              <value>
                <![CDATA[https://www.demoblaze.com/]]>
              </value>
            </param>
          </params>
          <reporter-output>
          </reporter-output>
        </test-method> <!-- browserLaunch -->
        <test-method signature="Login(java.lang.String,java.lang.String,java.lang.String)[pri:0, instance:test.TC002_LoginTest@51bd8b5c]" started-at="2024-07-19T18:54:48 IST" name="Login" data-provider="Data" finished-at="2024-07-19T18:54:56 IST" duration-ms="7983" status="PASS">
          <params>
            <param index="0">
              <value>
                <![CDATA[shy@gmail.com]]>
              </value>
            </param>
            <param index="1">
              <value>
                <![CDATA[Shiyam@12]]>
              </value>
            </param>
            <param index="2">
              <value>
                <![CDATA[InvalidUser]]>
              </value>
            </param>
          </params>
          <reporter-output>
          </reporter-output>
        </test-method> <!-- Login -->
        <test-method is-config="true" signature="closeBrowser()[pri:0, instance:test.TC002_LoginTest@51bd8b5c]" started-at="2024-07-19T18:54:57 IST" name="closeBrowser" finished-at="2024-07-19T18:54:59 IST" duration-ms="2135" status="PASS">
          <reporter-output>
          </reporter-output>
        </test-method> <!-- closeBrowser -->
        <test-method is-config="true" signature="browserLaunch(java.lang.String,java.lang.String)[pri:0, instance:test.TC002_LoginTest@51bd8b5c]" started-at="2024-07-19T18:54:59 IST" name="browserLaunch" finished-at="2024-07-19T18:55:02 IST" duration-ms="3290" status="PASS">
          <params>
            <param index="0">
              <value>
                <![CDATA[chrome]]>
              </value>
            </param>
            <param index="1">
              <value>
                <![CDATA[https://www.demoblaze.com/]]>
              </value>
            </param>
          </params>
          <reporter-output>
          </reporter-output>
        </test-method> <!-- browserLaunch -->
        <test-method signature="Login(java.lang.String,java.lang.String,java.lang.String)[pri:0, instance:test.TC002_LoginTest@51bd8b5c]" started-at="2024-07-19T18:55:02 IST" name="Login" data-provider="Data" finished-at="2024-07-19T18:55:10 IST" duration-ms="8015" status="PASS">
          <params>
            <param index="0">
              <value>
                <![CDATA[shy@gmail.com]]>
              </value>
            </param>
            <param index="1">
              <value>
                <![CDATA[shy123]]>
              </value>
            </param>
            <param index="2">
              <value>
                <![CDATA[InvalidUserPwd]]>
              </value>
            </param>
          </params>
          <reporter-output>
          </reporter-output>
        </test-method> <!-- Login -->
        <test-method is-config="true" signature="closeBrowser()[pri:0, instance:test.TC002_LoginTest@51bd8b5c]" started-at="2024-07-19T18:55:11 IST" name="closeBrowser" finished-at="2024-07-19T18:55:11 IST" duration-ms="465" status="PASS">
          <reporter-output>
          </reporter-output>
        </test-method> <!-- closeBrowser -->
      </class> <!-- test.TC002_LoginTest -->
      <class name="test.TC_001_SignUpTest">
        <test-method is-config="true" signature="setUp()[pri:0, instance:test.TC_001_SignUpTest@163370c2]" started-at="2024-07-19T18:53:19 IST" name="setUp" finished-at="2024-07-19T18:53:19 IST" duration-ms="1" status="PASS">
          <reporter-output>
          </reporter-output>
        </test-method> <!-- setUp -->
        <test-method is-config="true" signature="browserLaunch(java.lang.String,java.lang.String)[pri:0, instance:test.TC_001_SignUpTest@163370c2]" started-at="2024-07-19T18:53:20 IST" name="browserLaunch" finished-at="2024-07-19T18:53:25 IST" duration-ms="4907" status="PASS">
          <params>
            <param index="0">
              <value>
                <![CDATA[chrome]]>
              </value>
            </param>
            <param index="1">
              <value>
                <![CDATA[https://www.demoblaze.com/]]>
              </value>
            </param>
          </params>
          <reporter-output>
          </reporter-output>
        </test-method> <!-- browserLaunch -->
        <test-method signature="SignUpLinkClick(java.lang.String,java.lang.String,java.lang.String)[pri:0, instance:test.TC_001_SignUpTest@163370c2]" started-at="2024-07-19T18:53:25 IST" name="SignUpLinkClick" data-provider="Data" finished-at="2024-07-19T18:53:34 IST" duration-ms="9380" status="PASS">
          <params>
            <param index="0">
              <value>
                <![CDATA[Shiyam282@gmail.com]]>
              </value>
            </param>
            <param index="1">
              <value>
                <![CDATA[Shiyam@282]]>
              </value>
            </param>
            <param index="2">
              <value>
                <![CDATA[Valid]]>
              </value>
            </param>
          </params>
          <reporter-output>
          </reporter-output>
        </test-method> <!-- SignUpLinkClick -->
        <test-method is-config="true" signature="closeBrowser()[pri:0, instance:test.TC_001_SignUpTest@163370c2]" started-at="2024-07-19T18:53:35 IST" name="closeBrowser" finished-at="2024-07-19T18:53:37 IST" duration-ms="2167" status="PASS">
          <reporter-output>
          </reporter-output>
        </test-method> <!-- closeBrowser -->
        <test-method is-config="true" signature="browserLaunch(java.lang.String,java.lang.String)[pri:0, instance:test.TC_001_SignUpTest@163370c2]" started-at="2024-07-19T18:53:37 IST" name="browserLaunch" finished-at="2024-07-19T18:53:41 IST" duration-ms="3798" status="PASS">
          <params>
            <param index="0">
              <value>
                <![CDATA[chrome]]>
              </value>
            </param>
            <param index="1">
              <value>
                <![CDATA[https://www.demoblaze.com/]]>
              </value>
            </param>
          </params>
          <reporter-output>
          </reporter-output>
        </test-method> <!-- browserLaunch -->
        <test-method signature="SignUpLinkClick(java.lang.String,java.lang.String,java.lang.String)[pri:0, instance:test.TC_001_SignUpTest@163370c2]" started-at="2024-07-19T18:53:41 IST" name="SignUpLinkClick" data-provider="Data" finished-at="2024-07-19T18:53:50 IST" duration-ms="9355" status="PASS">
          <params>
            <param index="0">
              <value>
                <![CDATA[Shiyam12@gmail.com]]>
              </value>
            </param>
            <param index="1">
              <value>
                <![CDATA[abcd]]>
              </value>
            </param>
            <param index="2">
              <value>
                <![CDATA[Invalid]]>
              </value>
            </param>
          </params>
          <reporter-output>
          </reporter-output>
        </test-method> <!-- SignUpLinkClick -->
        <test-method is-config="true" signature="closeBrowser()[pri:0, instance:test.TC_001_SignUpTest@163370c2]" started-at="2024-07-19T18:53:51 IST" name="closeBrowser" finished-at="2024-07-19T18:53:53 IST" duration-ms="2080" status="PASS">
          <reporter-output>
          </reporter-output>
        </test-method> <!-- closeBrowser -->
        <test-method is-config="true" signature="browserLaunch(java.lang.String,java.lang.String)[pri:0, instance:test.TC_001_SignUpTest@163370c2]" started-at="2024-07-19T18:53:53 IST" name="browserLaunch" finished-at="2024-07-19T18:53:57 IST" duration-ms="3571" status="PASS">
          <params>
            <param index="0">
              <value>
                <![CDATA[chrome]]>
              </value>
            </param>
            <param index="1">
              <value>
                <![CDATA[https://www.demoblaze.com/]]>
              </value>
            </param>
          </params>
          <reporter-output>
          </reporter-output>
        </test-method> <!-- browserLaunch -->
        <test-method signature="SignUpLinkClick(java.lang.String,java.lang.String,java.lang.String)[pri:0, instance:test.TC_001_SignUpTest@163370c2]" started-at="2024-07-19T18:53:57 IST" name="SignUpLinkClick" data-provider="Data" finished-at="2024-07-19T18:54:05 IST" duration-ms="8061" status="PASS">
          <params>
            <param index="0">
              <value>
                <![CDATA[Shiyam12@gmail.com]]>
              </value>
            </param>
            <param index="1">
              <value>
                <![CDATA[]]>
              </value>
            </param>
            <param index="2">
              <value>
                <![CDATA[PassBlank]]>
              </value>
            </param>
          </params>
          <reporter-output>
          </reporter-output>
        </test-method> <!-- SignUpLinkClick -->
        <test-method is-config="true" signature="closeBrowser()[pri:0, instance:test.TC_001_SignUpTest@163370c2]" started-at="2024-07-19T18:54:05 IST" name="closeBrowser" finished-at="2024-07-19T18:54:07 IST" duration-ms="2161" status="PASS">
          <reporter-output>
          </reporter-output>
        </test-method> <!-- closeBrowser -->
        <test-method is-config="true" signature="browserLaunch(java.lang.String,java.lang.String)[pri:0, instance:test.TC_001_SignUpTest@163370c2]" started-at="2024-07-19T18:54:07 IST" name="browserLaunch" finished-at="2024-07-19T18:54:11 IST" duration-ms="4008" status="PASS">
          <params>
            <param index="0">
              <value>
                <![CDATA[chrome]]>
              </value>
            </param>
            <param index="1">
              <value>
                <![CDATA[https://www.demoblaze.com/]]>
              </value>
            </param>
          </params>
          <reporter-output>
          </reporter-output>
        </test-method> <!-- browserLaunch -->
        <test-method signature="SignUpLinkClick(java.lang.String,java.lang.String,java.lang.String)[pri:0, instance:test.TC_001_SignUpTest@163370c2]" started-at="2024-07-19T18:54:11 IST" name="SignUpLinkClick" data-provider="Data" finished-at="2024-07-19T18:54:19 IST" duration-ms="7989" status="PASS">
          <params>
            <param index="0">
              <value>
                <![CDATA[]]>
              </value>
            </param>
            <param index="1">
              <value>
                <![CDATA[Shiyam@12]]>
              </value>
            </param>
            <param index="2">
              <value>
                <![CDATA[UserBlank]]>
              </value>
            </param>
          </params>
          <reporter-output>
          </reporter-output>
        </test-method> <!-- SignUpLinkClick -->
        <test-method is-config="true" signature="closeBrowser()[pri:0, instance:test.TC_001_SignUpTest@163370c2]" started-at="2024-07-19T18:54:20 IST" name="closeBrowser" finished-at="2024-07-19T18:54:20 IST" duration-ms="538" status="PASS">
          <reporter-output>
          </reporter-output>
        </test-method> <!-- closeBrowser -->
      </class> <!-- test.TC_001_SignUpTest -->
    </test> <!-- Test -->
  </suite> <!-- Suite -->
</testng-results>
